This is pdfTeX, Version 3.14159265-2.6-1.40.17 (TeX Live 2016) (preloaded format=pdflatex 2017.5.8)  23 OCT 2017 11:54
entering extended mode
 restricted \write18 enabled.
 file:line:error style messages enabled.
 %&-line parsing enabled.
**hw2_solution.tex
(./hw2_solution.tex
LaTeX2e <2016/03/31>
Babel <3.9r> and hyphenation patterns for 83 language(s) loaded.
(/usr/local/texlive/2016/texmf-dist/tex/latex/base/article.cls
Document Class: article 2014/09/29 v1.4h Standard LaTeX document class
(/usr/local/texlive/2016/texmf-dist/tex/latex/base/size10.clo
File: size10.clo 2014/09/29 v1.4h Standard LaTeX file (size option)
)
\c@part=\count79
\c@section=\count80
\c@subsection=\count81
\c@subsubsection=\count82
\c@paragraph=\count83
\c@subparagraph=\count84
\c@figure=\count85
\c@table=\count86
\abovecaptionskip=\skip41
\belowcaptionskip=\skip42
\bibindent=\dimen102
)
(/usr/local/texlive/2016/texmf-dist/tex/latex/amsmath/amsmath.sty
Package: amsmath 2016/03/10 v2.15b AMS math features
\@mathmargin=\skip43

For additional information on amsmath, use the `?' option.
(/usr/local/texlive/2016/texmf-dist/tex/latex/amsmath/amstext.sty
Package: amstext 2000/06/29 v2.01 AMS text

(/usr/local/texlive/2016/texmf-dist/tex/latex/amsmath/amsgen.sty
File: amsgen.sty 1999/11/30 v2.0 generic functions
\@emptytoks=\toks14
\ex@=\dimen103
))
(/usr/local/texlive/2016/texmf-dist/tex/latex/amsmath/amsbsy.sty
Package: amsbsy 1999/11/29 v1.2d Bold Symbols
\pmbraise@=\dimen104
)
(/usr/local/texlive/2016/texmf-dist/tex/latex/amsmath/amsopn.sty
Package: amsopn 2016/03/08 v2.02 operator names
)
\inf@bad=\count87
LaTeX Info: Redefining \frac on input line 199.
\uproot@=\count88
\leftroot@=\count89
LaTeX Info: Redefining \overline on input line 297.
\classnum@=\count90
\DOTSCASE@=\count91
LaTeX Info: Redefining \ldots on input line 394.
LaTeX Info: Redefining \dots on input line 397.
LaTeX Info: Redefining \cdots on input line 518.
\Mathstrutbox@=\box26
\strutbox@=\box27
\big@size=\dimen105
LaTeX Font Info:    Redeclaring font encoding OML on input line 634.
LaTeX Font Info:    Redeclaring font encoding OMS on input line 635.
\macc@depth=\count92
\c@MaxMatrixCols=\count93
\dotsspace@=\muskip10
\c@parentequation=\count94
\dspbrk@lvl=\count95
\tag@help=\toks15
\row@=\count96
\column@=\count97
\maxfields@=\count98
\andhelp@=\toks16
\eqnshift@=\dimen106
\alignsep@=\dimen107
\tagshift@=\dimen108
\tagwidth@=\dimen109
\totwidth@=\dimen110
\lineht@=\dimen111
\@envbody=\toks17
\multlinegap=\skip44
\multlinetaggap=\skip45
\mathdisplay@stack=\toks18
LaTeX Info: Redefining \[ on input line 2739.
LaTeX Info: Redefining \] on input line 2740.
)
(/usr/local/texlive/2016/texmf-dist/tex/latex/amsfonts/amssymb.sty
Package: amssymb 2013/01/14 v3.01 AMS font symbols

(/usr/local/texlive/2016/texmf-dist/tex/latex/amsfonts/amsfonts.sty
Package: amsfonts 2013/01/14 v3.01 Basic AMSFonts support
\symAMSa=\mathgroup4
\symAMSb=\mathgroup5
LaTeX Font Info:    Overwriting math alphabet `\mathfrak' in version `bold'
(Font)                  U/euf/m/n --> U/euf/b/n on input line 106.
))
(/usr/local/texlive/2016/texmf-dist/tex/latex/algorithms/algorithm.sty
Package: algorithm 2009/08/24 v0.1 Document Style `algorithm' - floating enviro
nment

(/usr/local/texlive/2016/texmf-dist/tex/latex/float/float.sty
Package: float 2001/11/08 v1.3d Float enhancements (AL)
\c@float@type=\count99
\float@exts=\toks19
\float@box=\box28
\@float@everytoks=\toks20
\@floatcapt=\box29
)
(/usr/local/texlive/2016/texmf-dist/tex/latex/base/ifthen.sty
Package: ifthen 2014/09/29 v1.1c Standard LaTeX ifthen package (DPC)
)
\@float@every@algorithm=\toks21
\c@algorithm=\count100
)
(/usr/local/texlive/2016/texmf-dist/tex/latex/algorithmicx/algorithmicx.sty
Package: algorithmicx 2005/04/27 v1.2 Algorithmicx

Document Style algorithmicx 1.2 - a greatly improved `algorithmic' style
\c@ALG@line=\count101
\c@ALG@rem=\count102
\c@ALG@nested=\count103
\ALG@tlm=\skip46
\ALG@thistlm=\skip47
\c@ALG@Lnr=\count104
\c@ALG@blocknr=\count105
\c@ALG@storecount=\count106
\c@ALG@tmpcounter=\count107
\ALG@tmplength=\skip48
) (/usr/local/texlive/2016/texmf-dist/tex/latex/algorithmicx/algpseudocode.sty
Package: algpseudocode 

Document Style - pseudocode environments for use with the `algorithmicx' style
) (/usr/local/texlive/2016/texmf-dist/tex/latex/bbm-macros/bbm.sty
Package: bbm 1999/03/15 V 1.2 provides fonts for set symbols - TH
LaTeX Font Info:    Overwriting math alphabet `\mathbbm' in version `bold'
(Font)                  U/bbm/m/n --> U/bbm/bx/n on input line 33.
LaTeX Font Info:    Overwriting math alphabet `\mathbbmss' in version `bold'
(Font)                  U/bbmss/m/n --> U/bbmss/bx/n on input line 35.
)
(/usr/local/texlive/2016/texmf-dist/tex/latex/graphics/epsfig.sty
Package: epsfig 1999/02/16 v1.7a (e)psfig emulation (SPQR)

(/usr/local/texlive/2016/texmf-dist/tex/latex/graphics/graphicx.sty
Package: graphicx 2014/10/28 v1.0g Enhanced LaTeX Graphics (DPC,SPQR)

(/usr/local/texlive/2016/texmf-dist/tex/latex/graphics/keyval.sty
Package: keyval 2014/10/28 v1.15 key=value parser (DPC)
\KV@toks@=\toks22
)
(/usr/local/texlive/2016/texmf-dist/tex/latex/graphics/graphics.sty
Package: graphics 2016/05/09 v1.0r Standard LaTeX Graphics (DPC,SPQR)

(/usr/local/texlive/2016/texmf-dist/tex/latex/graphics/trig.sty
Package: trig 2016/01/03 v1.10 sin cos tan (DPC)
)
(/usr/local/texlive/2016/texmf-dist/tex/latex/graphics-cfg/graphics.cfg
File: graphics.cfg 2016/01/02 v1.10 sample graphics configuration
)
Package graphics Info: Driver file: pdftex.def on input line 96.

(/usr/local/texlive/2016/texmf-dist/tex/latex/pdftex-def/pdftex.def
File: pdftex.def 2011/05/27 v0.06d Graphics/color for pdfTeX

(/usr/local/texlive/2016/texmf-dist/tex/generic/oberdiek/infwarerr.sty
Package: infwarerr 2016/05/16 v1.4 Providing info/warning/error messages (HO)
)
(/usr/local/texlive/2016/texmf-dist/tex/generic/oberdiek/ltxcmds.sty
Package: ltxcmds 2016/05/16 v1.23 LaTeX kernel commands for general use (HO)
)
\Gread@gobject=\count108
))
\Gin@req@height=\dimen112
\Gin@req@width=\dimen113
)
\epsfxsize=\dimen114
\epsfysize=\dimen115
)
(/usr/local/texlive/2016/texmf-dist/tex/latex/subfigure/subfigure.sty
Package: subfigure 2002/03/15 v2.1.5 subfigure package
\subfigtopskip=\skip49
\subfigcapskip=\skip50
\subfigcaptopadj=\dimen116
\subfigbottomskip=\skip51
\subfigcapmargin=\dimen117
\subfiglabelskip=\skip52
\c@subfigure=\count109
\c@lofdepth=\count110
\c@subtable=\count111
\c@lotdepth=\count112

****************************************
* Local config file subfigure.cfg used *
****************************************
(/usr/local/texlive/2016/texmf-dist/tex/latex/subfigure/subfigure.cfg)
\subfig@top=\skip53
\subfig@bottom=\skip54
)
(./hw2_solution.aux)
\openout1 = `hw2_solution.aux'.

LaTeX Font Info:    Checking defaults for OML/cmm/m/it on input line 48.
LaTeX Font Info:    ... okay on input line 48.
LaTeX Font Info:    Checking defaults for T1/cmr/m/n on input line 48.
LaTeX Font Info:    ... okay on input line 48.
LaTeX Font Info:    Checking defaults for OT1/cmr/m/n on input line 48.
LaTeX Font Info:    ... okay on input line 48.
LaTeX Font Info:    Checking defaults for OMS/cmsy/m/n on input line 48.
LaTeX Font Info:    ... okay on input line 48.
LaTeX Font Info:    Checking defaults for OMX/cmex/m/n on input line 48.
LaTeX Font Info:    ... okay on input line 48.
LaTeX Font Info:    Checking defaults for U/cmr/m/n on input line 48.
LaTeX Font Info:    ... okay on input line 48.

(/usr/local/texlive/2016/texmf-dist/tex/context/base/mkii/supp-pdf.mkii
[Loading MPS to PDF converter (version 2006.09.02).]
\scratchcounter=\count113
\scratchdimen=\dimen118
\scratchbox=\box30
\nofMPsegments=\count114
\nofMParguments=\count115
\everyMPshowfont=\toks23
\MPscratchCnt=\count116
\MPscratchDim=\dimen119
\MPnumerator=\count117
\makeMPintoPDFobject=\count118
\everyMPtoPDFconversion=\toks24
) (/usr/local/texlive/2016/texmf-dist/tex/generic/oberdiek/pdftexcmds.sty
Package: pdftexcmds 2016/05/10 v0.21 Utility functions of pdfTeX for LuaTeX (HO
)

(/usr/local/texlive/2016/texmf-dist/tex/generic/oberdiek/ifluatex.sty
Package: ifluatex 2016/05/16 v1.4 Provides the ifluatex switch (HO)
Package ifluatex Info: LuaTeX not detected.
)
(/usr/local/texlive/2016/texmf-dist/tex/generic/oberdiek/ifpdf.sty
Package: ifpdf 2016/05/14 v3.1 Provides the ifpdf switch
)
Package pdftexcmds Info: LuaTeX not detected.
Package pdftexcmds Info: \pdf@primitive is available.
Package pdftexcmds Info: \pdf@ifprimitive is available.
Package pdftexcmds Info: \pdfdraftmode found.
)
(/usr/local/texlive/2016/texmf-dist/tex/latex/oberdiek/epstopdf-base.sty
Package: epstopdf-base 2016/05/15 v2.6 Base part for package epstopdf

(/usr/local/texlive/2016/texmf-dist/tex/latex/oberdiek/grfext.sty
Package: grfext 2016/05/16 v1.2 Manage graphics extensions (HO)

(/usr/local/texlive/2016/texmf-dist/tex/generic/oberdiek/kvdefinekeys.sty
Package: kvdefinekeys 2016/05/16 v1.4 Define keys (HO)
))
(/usr/local/texlive/2016/texmf-dist/tex/latex/oberdiek/kvoptions.sty
Package: kvoptions 2016/05/16 v3.12 Key value format for package options (HO)

(/usr/local/texlive/2016/texmf-dist/tex/generic/oberdiek/kvsetkeys.sty
Package: kvsetkeys 2016/05/16 v1.17 Key value parser (HO)

(/usr/local/texlive/2016/texmf-dist/tex/generic/oberdiek/etexcmds.sty
Package: etexcmds 2016/05/16 v1.6 Avoid name clashes with e-TeX commands (HO)
Package etexcmds Info: Could not find \expanded.
(etexcmds)             That can mean that you are not using pdfTeX 1.50 or
(etexcmds)             that some package has redefined \expanded.
(etexcmds)             In the latter case, load this package earlier.
)))
Package grfext Info: Graphics extension search list:
(grfext)             [.png,.pdf,.jpg,.mps,.jpeg,.jbig2,.jb2,.PNG,.PDF,.JPG,.JPE
G,.JBIG2,.JB2,.eps]
(grfext)             \AppendGraphicsExtensions on input line 456.

(/usr/local/texlive/2016/texmf-dist/tex/latex/latexconfig/epstopdf-sys.cfg
File: epstopdf-sys.cfg 2010/07/13 v1.3 Configuration of (r)epstopdf for TeX Liv
e
))
LaTeX Font Info:    Try loading font information for OMS+cmr on input line 54.

(/usr/local/texlive/2016/texmf-dist/tex/latex/base/omscmr.fd
File: omscmr.fd 2014/09/29 v2.5h Standard LaTeX font definitions
)
LaTeX Font Info:    Font shape `OMS/cmr/m/n' in size <10> not available
(Font)              Font shape `OMS/cmsy/m/n' tried instead on input line 54.
LaTeX Font Info:    Try loading font information for U+msa on input line 54.

(/usr/local/texlive/2016/texmf-dist/tex/latex/amsfonts/umsa.fd
File: umsa.fd 2013/01/14 v3.01 AMS symbols A
)
LaTeX Font Info:    Try loading font information for U+msb on input line 54.

(/usr/local/texlive/2016/texmf-dist/tex/latex/amsfonts/umsb.fd
File: umsb.fd 2013/01/14 v3.01 AMS symbols B
)
Underfull \hbox (badness 10000) in paragraph at lines 55--56

 []

LaTeX Font Info:    Try loading font information for U+bbm on input line 71.
(/usr/local/texlive/2016/texmf-dist/tex/latex/bbm-macros/ubbm.fd
File: ubbm.fd 1999/03/15 V 1.2 Font definition for bbm font - TH
) [1

{/usr/local/texlive/2016/texmf-var/fonts/map/pdftex/updmap/pdftex.map}] [2] [3]

<code/cross_entropy_loss_k=1.png, id=28, 462.528pt x 346.896pt>
File: code/cross_entropy_loss_k=1.png Graphic file (type png)

<use code/cross_entropy_loss_k=1.png>
Package pdftex.def Info: code/cross_entropy_loss_k=1.png used on input line 166
.
(pdftex.def)             Requested size: 187.89912pt x 140.92615pt.

<code/k=1_W_visulization.png, id=30, 722.7pt x 722.7pt>
File: code/k=1_W_visulization.png Graphic file (type png)

<use code/k=1_W_visulization.png>
Package pdftex.def Info: code/k=1_W_visulization.png used on input line 171.
(pdftex.def)             Requested size: 187.89912pt x 187.89757pt.
 [4 <./code/cross_entropy_loss_k=1.png> <./code/k=1_W_visulization.png>]
<code/cross_entropy_loss_k=5.png, id=37, 462.528pt x 346.896pt>
File: code/cross_entropy_loss_k=5.png Graphic file (type png)

<use code/cross_entropy_loss_k=5.png>
Package pdftex.def Info: code/cross_entropy_loss_k=5.png used on input line 186
.
(pdftex.def)             Requested size: 187.89912pt x 140.92615pt.

<code/k=5_W_visulization.png, id=38, 722.7pt x 722.7pt>
File: code/k=5_W_visulization.png Graphic file (type png)

<use code/k=5_W_visulization.png>
Package pdftex.def Info: code/k=5_W_visulization.png used on input line 191.
(pdftex.def)             Requested size: 187.89912pt x 187.89757pt.

<code/cross_entropy_loss_k=10.png, id=39, 462.528pt x 346.896pt>
File: code/cross_entropy_loss_k=10.png Graphic file (type png)

<use code/cross_entropy_loss_k=10.png>
Package pdftex.def Info: code/cross_entropy_loss_k=10.png used on input line 20
1.
(pdftex.def)             Requested size: 187.89912pt x 140.92615pt.

<code/k=10_W_visulization.png, id=40, 722.7pt x 722.7pt>
File: code/k=10_W_visulization.png Graphic file (type png)

<use code/k=10_W_visulization.png>
Package pdftex.def Info: code/k=10_W_visulization.png used on input line 206.
(pdftex.def)             Requested size: 187.89912pt x 187.89757pt.

<code/cross_entropy_loss_k=20.png, id=41, 462.528pt x 346.896pt>
File: code/cross_entropy_loss_k=20.png Graphic file (type png)

<use code/cross_entropy_loss_k=20.png>
Package pdftex.def Info: code/cross_entropy_loss_k=20.png used on input line 21
6.
(pdftex.def)             Requested size: 187.89912pt x 140.92615pt.

<code/k=20_W_visulization.png, id=42, 722.7pt x 722.7pt>
File: code/k=20_W_visulization.png Graphic file (type png)

<use code/k=20_W_visulization.png>
Package pdftex.def Info: code/k=20_W_visulization.png used on input line 221.
(pdftex.def)             Requested size: 187.89912pt x 187.89757pt.


LaTeX Warning: `h' float specifier changed to `ht'.

<code/generated_samples.png, id=43, 722.7pt x 722.7pt>
File: code/generated_samples.png Graphic file (type png)

<use code/generated_samples.png>
Package pdftex.def Info: code/generated_samples.png used on input line 233.
(pdftex.def)             Requested size: 187.89912pt x 187.89757pt.

<code/generated_samples_k=20.png, id=44, 722.7pt x 722.7pt>
File: code/generated_samples_k=20.png Graphic file (type png)

<use code/generated_samples_k=20.png>
Package pdftex.def Info: code/generated_samples_k=20.png used on input line 238
.
(pdftex.def)             Requested size: 187.89912pt x 187.89757pt.
 [5 <./code/cross_entropy_loss_k=5.png> <./code/k=5_W_visulization.png> <./code
/cross_entropy_loss_k=10.png> <./code/k=10_W_visulization.png>]
<code/problem_d_IC_926.png, id=52, 462.528pt x 346.896pt>
File: code/problem_d_IC_926.png Graphic file (type png)

<use code/problem_d_IC_926.png>
Package pdftex.def Info: code/problem_d_IC_926.png used on input line 244.
(pdftex.def)             Requested size: 234.87749pt x 176.15768pt.

Underfull \vbox (badness 10000) has occurred while \output is active []

 [6 <./code/cross_entropy_loss_k=20.png> <./code/k=20_W_visulization.png> <./co
de/generated_samples.png> <./code/generated_samples_k=20.png>]
<code/Autoencoder_compare.png, id=60, 462.528pt x 346.896pt>
File: code/Autoencoder_compare.png Graphic file (type png)

<use code/Autoencoder_compare.png>
Package pdftex.def Info: code/Autoencoder_compare.png used on input line 256.
(pdftex.def)             Requested size: 187.89912pt x 140.92615pt.

<code/Autoencoder_W_visulize.png, id=61, 722.7pt x 722.7pt>
File: code/Autoencoder_W_visulize.png Graphic file (type png)

<use code/Autoencoder_W_visulize.png>
Package pdftex.def Info: code/Autoencoder_W_visulize.png used on input line 261
.
(pdftex.def)             Requested size: 187.89912pt x 187.89757pt.

<code/Denoise_Autoencoder_compare.png, id=62, 462.528pt x 346.896pt>
File: code/Denoise_Autoencoder_compare.png Graphic file (type png)

<use code/Denoise_Autoencoder_compare.png>
Package pdftex.def Info: code/Denoise_Autoencoder_compare.png used on input lin
e 275.
(pdftex.def)             Requested size: 187.89912pt x 140.92615pt.

<code/Denoise_Autoencoder_W_visulize.png, id=63, 722.7pt x 722.7pt>
File: code/Denoise_Autoencoder_W_visulize.png Graphic file (type png)

<use code/Denoise_Autoencoder_W_visulize.png>
Package pdftex.def Info: code/Denoise_Autoencoder_W_visulize.png used on input 
line 280.
(pdftex.def)             Requested size: 187.89912pt x 187.89757pt.


LaTeX Warning: `h' float specifier changed to `ht'.


Underfull \vbox (badness 1460) has occurred while \output is active []

 [7 <./code/problem_d_IC_926.png> <./code/Autoencoder_compare.png> <./code/Auto
encoder_W_visulize.png>] <code/problem_g_hidden50.png, id=71, 462.528pt x 346.8
96pt>
File: code/problem_g_hidden50.png Graphic file (type png)

<use code/problem_g_hidden50.png>
Package pdftex.def Info: code/problem_g_hidden50.png used on input line 294.
(pdftex.def)             Requested size: 187.89912pt x 140.92615pt.

<code/problem_g_hidden100.png, id=72, 462.528pt x 346.896pt>
File: code/problem_g_hidden100.png Graphic file (type png)

<use code/problem_g_hidden100.png>
Package pdftex.def Info: code/problem_g_hidden100.png used on input line 294.
(pdftex.def)             Requested size: 187.89912pt x 140.92615pt.

<code/problem_g_hidden200.png, id=73, 462.528pt x 346.896pt>
File: code/problem_g_hidden200.png Graphic file (type png)

<use code/problem_g_hidden200.png>
Package pdftex.def Info: code/problem_g_hidden200.png used on input line 300.
(pdftex.def)             Requested size: 187.89912pt x 140.92615pt.

<code/problem_g_hidden500.png, id=74, 462.528pt x 346.896pt>
File: code/problem_g_hidden500.png Graphic file (type png)

<use code/problem_g_hidden500.png>
Package pdftex.def Info: code/problem_g_hidden500.png used on input line 300.
(pdftex.def)             Requested size: 187.89912pt x 140.92615pt.


LaTeX Warning: `h' float specifier changed to `ht'.

[8 <./code/Denoise_Autoencoder_compare.png> <./code/Denoise_Autoencoder_W_visul
ize.png>] [9 <./code/problem_g_hidden50.png> <./code/problem_g_hidden100.png> <
./code/problem_g_hidden200.png> <./code/problem_g_hidden500.png>]
(./hw2_solution.aux) ) 
Here is how much of TeX's memory you used:
 3307 strings out of 493014
 47033 string characters out of 6133352
 110900 words of memory out of 5000000
 6768 multiletter control sequences out of 15000+600000
 8250 words of font info for 33 fonts, out of 8000000 for 9000
 1141 hyphenation exceptions out of 8191
 38i,9n,26p,287b,321s stack positions out of 5000i,500n,10000p,200000b,80000s
 </Users/yuanliu/Library/texlive/2016/texmf-var/fonts/pk/
ljfour/public/bbm/bbm10.600pk></usr/local/texlive/2016/texmf-dist/fonts/type1/p
ublic/amsfonts/cm/cmbx10.pfb></usr/local/texlive/2016/texmf-dist/fonts/type1/pu
blic/amsfonts/cm/cmbx12.pfb></usr/local/texlive/2016/texmf-dist/fonts/type1/pub
lic/amsfonts/cm/cmex10.pfb></usr/local/texlive/2016/texmf-dist/fonts/type1/publ
ic/amsfonts/cm/cmmi10.pfb></usr/local/texlive/2016/texmf-dist/fonts/type1/publi
c/amsfonts/cm/cmmi5.pfb></usr/local/texlive/2016/texmf-dist/fonts/type1/public/
amsfonts/cm/cmmi7.pfb></usr/local/texlive/2016/texmf-dist/fonts/type1/public/am
sfonts/cm/cmr10.pfb></usr/local/texlive/2016/texmf-dist/fonts/type1/public/amsf
onts/cm/cmr12.pfb></usr/local/texlive/2016/texmf-dist/fonts/type1/public/amsfon
ts/cm/cmr5.pfb></usr/local/texlive/2016/texmf-dist/fonts/type1/public/amsfonts/
cm/cmr7.pfb></usr/local/texlive/2016/texmf-dist/fonts/type1/public/amsfonts/cm/
cmr8.pfb></usr/local/texlive/2016/texmf-dist/fonts/type1/public/amsfonts/cm/cms
l10.pfb></usr/local/texlive/2016/texmf-dist/fonts/type1/public/amsfonts/cm/cmsy
10.pfb></usr/local/texlive/2016/texmf-dist/fonts/type1/public/amsfonts/cm/cmsy5
.pfb></usr/local/texlive/2016/texmf-dist/fonts/type1/public/amsfonts/cm/cmsy7.p
fb></usr/local/texlive/2016/texmf-dist/fonts/type1/public/amsfonts/cm/cmti10.pf
b>
Output written on hw2_solution.pdf (9 pages, 1682537 bytes).
PDF statistics:
 142 PDF objects out of 1000 (max. 8388607)
 75 compressed objects within 1 object stream
 0 named destinations out of 1000 (max. 500000)
 96 words of extra memory for PDF output out of 10000 (max. 10000000)

